d:\hoeyuan\documents\visual studio 2010\projects\jc\debug\jc.pch
d:\hoeyuan\documents\visual studio 2010\projects\jc\debug\stdafx.obj
d:\hoeyuan\documents\visual studio 2010\projects\jc\debug\vc100.pdb
d:\hoeyuan\documents\visual studio 2010\projects\jc\debug\jc.obj
d:\hoeyuan\documents\visual studio 2010\projects\jc\debug\assemblyinfo.obj
d:\hoeyuan\documents\visual studio 2010\projects\jc\debug\.netframework,version=v4.0.assemblyattributes.obj
d:\hoeyuan\documents\visual studio 2010\projects\jc\debug\jc.ilk
d:\hoeyuan\documents\visual studio 2010\projects\jc\debug\jc.exe
d:\hoeyuan\documents\visual studio 2010\projects\jc\debug\jc.exe.intermediate.manifest
d:\hoeyuan\documents\visual studio 2010\projects\jc\debug\jc.pdb
d:\hoeyuan\documents\visual studio 2010\projects\jc\debug\app.res
d:\users\user\desktop\jc\debug\jc.pch
d:\users\user\desktop\jc\debug\vc140.pdb
d:\users\user\desktop\jc\debug\stdafx.obj
d:\users\user\desktop\jc\debug\jc.obj
d:\users\user\desktop\jc\debug\assemblyinfo.obj
d:\users\user\desktop\jc\debug\.netframework,version=v4.5.2.assemblyattributes.obj
d:\users\user\desktop\jc\debug\.netframework,version=v4.5.2.assemblyattributes.asm
d:\users\user\desktop\jc\debug\jc.form1.resources
d:\users\user\desktop\jc\debug\app.res
d:\users\user\desktop\jc\debug\jc.vcxproj.generateresource.cache
d:\users\user\desktop\jc\debug\jc.vcxprojresolveassemblyreference.cache
d:\users\user\desktop\jc\debug\.netframework,version=v4.0.assemblyattributes.obj
d:\users\user\desktop\jc\debug\cl.command.1.tlog
d:\users\user\desktop\jc\debug\cl.read.1.tlog
d:\users\user\desktop\jc\debug\cl.write.1.tlog
d:\users\user\desktop\jc\debug\jc.write.1.tlog
d:\users\user\desktop\jc\debug\link.6920-cvtres.read.1.tlog
d:\users\user\desktop\jc\debug\link.6920-cvtres.write.1.tlog
d:\users\user\desktop\jc\debug\link.6920.read.1.tlog
d:\users\user\desktop\jc\debug\link.6920.write.1.tlog
d:\users\user\desktop\jc\debug\link.command.1.tlog
d:\users\user\desktop\jc\debug\link.read.1.tlog
d:\users\user\desktop\jc\debug\link.write.1.tlog
d:\users\user\desktop\jc\debug\metagen.read.1.tlog
d:\users\user\desktop\jc\debug\metagen.write.1.tlog
d:\users\user\desktop\jc\debug\mt.command.1.tlog
d:\users\user\desktop\jc\debug\mt.read.1.tlog
d:\users\user\desktop\jc\debug\mt.write.1.tlog
d:\users\user\desktop\jc\debug\rc.command.1.tlog
d:\users\user\desktop\jc\debug\rc.read.1.tlog
d:\users\user\desktop\jc\debug\rc.write.1.tlog
d:\users\user\desktop\jc\debug\jc.exe.intermediate.manifest
d:\users\user\desktop\jc\debug\jc.pdb
d:\users\user\desktop\jc\debug\vc100.pdb
d:\users\user\desktop\jc\debug\jc.exe.metagen
d:\users\user\desktop\jc\debug\tzres.dll.bi
d:\users\user\desktop\jc\debug\jc.tlog\cl.command.1.tlog
d:\users\user\desktop\jc\debug\jc.tlog\cl.read.1.tlog
d:\users\user\desktop\jc\debug\jc.tlog\cl.write.1.tlog
d:\users\user\desktop\jc\debug\jc.tlog\jc.write.1u.tlog
d:\users\user\desktop\jc\debug\jc.tlog\link.9476-cvtres.read.1.tlog
d:\users\user\desktop\jc\debug\jc.tlog\link.9476-cvtres.write.1.tlog
d:\users\user\desktop\jc\debug\jc.tlog\link.9476-rc.read.1.tlog
d:\users\user\desktop\jc\debug\jc.tlog\link.9476-rc.write.1.tlog
d:\users\user\desktop\jc\debug\jc.tlog\link.9476.read.1.tlog
d:\users\user\desktop\jc\debug\jc.tlog\link.9476.write.1.tlog
d:\users\user\desktop\jc\debug\jc.tlog\link.command.1.tlog
d:\users\user\desktop\jc\debug\jc.tlog\link.read.1.tlog
d:\users\user\desktop\jc\debug\jc.tlog\link.write.1.tlog
d:\users\user\desktop\jc\debug\jc.tlog\metagen.read.1.tlog
d:\users\user\desktop\jc\debug\jc.tlog\metagen.write.1.tlog
d:\users\user\desktop\jc\debug\jc.tlog\rc.command.1.tlog
d:\users\user\desktop\jc\debug\jc.tlog\rc.read.1.tlog
d:\users\user\desktop\jc\debug\jc.tlog\rc.write.1.tlog
d:\users\user\desktop\jc\debug\jc.tlog\tzres.dll.bi
